[0.126s] Invoking command in '/home/zyme/ros_ws/sonic2laser/sonic_to_laser/build/sonic_to_laser': CMAKE_PREFIX_PATH=${CMAKE_PREFIX_PATH}:/opt/ros/humble /usr/bin/cmake --build /home/zyme/ros_ws/sonic2laser/sonic_to_laser/build/sonic_to_laser -- -j12 -l12
[0.188s] [35m[1mConsolidate compiler generated dependencies of target sonic_to_laser[0m
[0.216s] [ 50%] [32mBuilding CXX object CMakeFiles/sonic_to_laser.dir/src/sonic_to_light.cpp.o[0m
[3.165s] [01m[K/home/zyme/ros_ws/sonic2laser/sonic_to_laser/src/src/sonic_to_light.cpp:26:64:[m[K [01;31m[Kerror: [m[Kâ€˜[01m[Kfloat32[m[Kâ€™ is not a member of â€˜[01m[Kstd_msgs::msg[m[Kâ€™; did you mean â€˜[01m[KFloat32[m[Kâ€™?
[3.165s]    26 |     void sensor_callback( const std::shared_ptr<std_msgs::msg::[01;31m[Kfloat32[m[K> msg) {
[3.165s]       |                                                                [01;31m[K^~~~~~~[m[K
[3.165s]       |                                                                [32m[KFloat32[m[K
[3.165s] [01m[K/home/zyme/ros_ws/sonic2laser/sonic_to_laser/src/src/sonic_to_light.cpp:26:71:[m[K [01;31m[Kerror: [m[Ktemplate argument 1 is invalid
[3.165s]    26 |     void sensor_callback( const std::shared_ptr<std_msgs::msg::float32[01;31m[K>[m[K msg) {
[3.165s]       |                                                                       [01;31m[K^[m[K
[3.168s] [01m[K/home/zyme/ros_ws/sonic2laser/sonic_to_laser/src/src/sonic_to_light.cpp:64:41:[m[K [01;31m[Kerror: [m[Kâ€˜[01m[Kfloat32[m[Kâ€™ is not a member of â€˜[01m[Kstd_msgs::msg[m[Kâ€™; did you mean â€˜[01m[KFloat32[m[Kâ€™?
[3.168s]    64 |     rclcpp::Subscription<std_msgs::msg::[01;31m[Kfloat32[m[K>::SharedPtr sonic_subscriber;
[3.168s]       |                                         [01;31m[K^~~~~~~[m[K
[3.168s]       |                                         [32m[KFloat32[m[K
[3.168s] [01m[K/home/zyme/ros_ws/sonic2laser/sonic_to_laser/src/src/sonic_to_light.cpp:64:48:[m[K [01;31m[Kerror: [m[Ktemplate argument 1 is invalid
[3.168s]    64 |     rclcpp::Subscription<std_msgs::msg::float32[01;31m[K>[m[K::SharedPtr sonic_subscriber;
[3.168s]       |                                                [01;31m[K^[m[K
[3.168s] [01m[K/home/zyme/ros_ws/sonic2laser/sonic_to_laser/src/src/sonic_to_light.cpp:64:48:[m[K [01;31m[Kerror: [m[Ktemplate argument 3 is invalid
[3.168s] [01m[K/home/zyme/ros_ws/sonic2laser/sonic_to_laser/src/src/sonic_to_light.cpp:64:48:[m[K [01;31m[Kerror: [m[Ktemplate argument 4 is invalid
[3.169s] [01m[K/home/zyme/ros_ws/sonic2laser/sonic_to_laser/src/src/sonic_to_light.cpp:64:48:[m[K [01;31m[Kerror: [m[Ktemplate argument 5 is invalid
[3.169s] [01m[K/home/zyme/ros_ws/sonic2laser/sonic_to_laser/src/src/sonic_to_light.cpp:64:51:[m[K [01;31m[Kerror: [m[Kexpected â€˜[01m[K;[m[Kâ€™ at end of member declaration
[3.169s]    64 |     rclcpp::Subscription<std_msgs::msg::float32>::[01;31m[KSharedPtr[m[K sonic_subscriber;
[3.169s]       |                                                   [01;31m[K^~~~~~~~~[m[K
[3.169s]       |                                                            [32m[K;[m[K
[3.172s] [01m[K/home/zyme/ros_ws/sonic2laser/sonic_to_laser/src/src/sonic_to_light.cpp:64:61:[m[K [01;31m[Kerror: [m[Kâ€˜[01m[Ksonic_subscriber[m[Kâ€™ does not name a type
[3.172s]    64 |     rclcpp::Subscription<std_msgs::msg::float32>::SharedPtr [01;31m[Ksonic_subscriber[m[K;
[3.172s]       |                                                             [01;31m[K^~~~~~~~~~~~~~~~[m[K
[3.181s] [01m[K/home/zyme/ros_ws/sonic2laser/sonic_to_laser/src/src/sonic_to_light.cpp:[m[K In constructor â€˜[01m[Krev_tracker::rev_tracker()[m[Kâ€™:
[3.182s] [01m[K/home/zyme/ros_ws/sonic2laser/sonic_to_laser/src/src/sonic_to_light.cpp:16:9:[m[K [01;31m[Kerror: [m[Kâ€˜[01m[Ksonic_subscriber[m[Kâ€™ was not declared in this scope; did you mean â€˜[01m[Kcount_subscribers[m[Kâ€™?
[3.182s]    16 |         [01;31m[Ksonic_subscriber[m[K = this->create_subscription<std_msgs::msg::float32>(
[3.182s]       |         [01;31m[K^~~~~~~~~~~~~~~~[m[K
[3.182s]       |         [32m[Kcount_subscribers[m[K
[3.182s] [01m[K/home/zyme/ros_ws/sonic2laser/sonic_to_laser/src/src/sonic_to_light.cpp:16:69:[m[K [01;31m[Kerror: [m[Kâ€˜[01m[Kfloat32[m[Kâ€™ is not a member of â€˜[01m[Kstd_msgs::msg[m[Kâ€™; did you mean â€˜[01m[KFloat32[m[Kâ€™?
[3.182s]    16 |         sonic_subscriber = this->create_subscription<std_msgs::msg::[01;31m[Kfloat32[m[K>(
[3.182s]       |                                                                     [01;31m[K^~~~~~~[m[K
[3.182s]       |                                                                     [32m[KFloat32[m[K
[3.186s] [01m[K/home/zyme/ros_ws/sonic2laser/sonic_to_laser/src/src/sonic_to_light.cpp:16:77:[m[K [01;31m[Kerror: [m[Kno matching function for call to â€˜[01m[Krev_tracker::create_subscription<<expression error> >(const char [7], int, std::_Bind_helper<false, void (rev_tracker::*)(int), rev_tracker*, const std::_Placeholder<1>&>::type)[m[Kâ€™
[3.186s]    16 |         sonic_subscriber = [01;31m[Kthis->create_subscription<std_msgs::msg::float32>([m[K
[3.186s]       |                            [01;31m[K~~~~~~~~~~~~~~~~~~~~~~~~~~~~~~~~~~~~~~~~~~~~~~~~~^[m[K
[3.186s]    17 | [01;31m[K            "/sonar", 10, std::bind(&rev_tracker::sensor_callback, this, std::placeholders::_1))[m[K;
[3.186s]       |             [01;31m[K~~~~~~~~~~~~~~~~~~~~~~~~~~~~~~~~~~~~~~~~~~~~~~~~~~~~~~~~~~~~~~~~~~~~~~~~~~~~~~~~~~~~[m[K
[3.187s] In file included from [01m[K/opt/ros/humble/include/rclcpp/rclcpp/executors/single_threaded_executor.hpp:28[m[K,
[3.187s]                  from [01m[K/opt/ros/humble/include/rclcpp/rclcpp/executors.hpp:22[m[K,
[3.187s]                  from [01m[K/opt/ros/humble/include/rclcpp/rclcpp/rclcpp.hpp:155[m[K,
[3.187s]                  from [01m[K/home/zyme/ros_ws/sonic2laser/sonic_to_laser/src/src/sonic_to_light.cpp:1[m[K:
[3.187s] [01m[K/opt/ros/humble/include/rclcpp/rclcpp/node.hpp:219:3:[m[K [01;36m[Knote: [m[Kcandidate: â€˜[01m[Ktemplate<class MessageT, class CallbackT, class AllocatorT, class SubscriptionT, class MessageMemoryStrategyT> std::shared_ptr<ROSMessageT> rclcpp::Node::create_subscription(const string&, const rclcpp::QoS&, CallbackT&&, const rclcpp::SubscriptionOptionsWithAllocator<AllocatorT>&, typename MessageMemoryStrategyT::SharedPtr)[m[Kâ€™
[3.187s]   219 |   [01;36m[Kcreate_subscription[m[K(
[3.187s]       |   [01;36m[K^~~~~~~~~~~~~~~~~~~[m[K
[3.187s] [01m[K/opt/ros/humble/include/rclcpp/rclcpp/node.hpp:219:3:[m[K [01;36m[Knote: [m[K  template argument deduction/substitution failed:
[3.187s] [01m[K/home/zyme/ros_ws/sonic2laser/sonic_to_laser/src/src/sonic_to_light.cpp:16:77:[m[K [01;31m[Kerror: [m[Ktemplate argument 1 is invalid
[3.187s]    16 |         sonic_subscriber = [01;31m[Kthis->create_subscription<std_msgs::msg::float32>([m[K
[3.187s]       |                            [01;31m[K~~~~~~~~~~~~~~~~~~~~~~~~~~~~~~~~~~~~~~~~~~~~~~~~~^[m[K
[3.187s]    17 | [01;31m[K            "/sonar", 10, std::bind(&rev_tracker::sensor_callback, this, std::placeholders::_1))[m[K;
[3.187s]       |             [01;31m[K~~~~~~~~~~~~~~~~~~~~~~~~~~~~~~~~~~~~~~~~~~~~~~~~~~~~~~~~~~~~~~~~~~~~~~~~~~~~~~~~~~~~[m[K
[3.188s] [01m[K/home/zyme/ros_ws/sonic2laser/sonic_to_laser/src/src/sonic_to_light.cpp:[m[K In member function â€˜[01m[Kvoid rev_tracker::sensor_callback(int)[m[Kâ€™:
[3.188s] [01m[K/home/zyme/ros_ws/sonic2laser/sonic_to_laser/src/src/sonic_to_light.cpp:30:24:[m[K [01;31m[Kerror: [m[Kâ€˜[01m[Kfloat32[m[Kâ€™ is not a member of â€˜[01m[Kstd_msgs::msg[m[Kâ€™; did you mean â€˜[01m[KFloat32[m[Kâ€™?
[3.188s]    30 |         std_msgs::msg::[01;31m[Kfloat32[m[K sonic;
[3.188s]       |                        [01;31m[K^~~~~~~[m[K
[3.188s]       |                        [32m[KFloat32[m[K
[3.191s] [01m[K/home/zyme/ros_ws/sonic2laser/sonic_to_laser/src/src/sonic_to_light.cpp:33:34:[m[K [01;31m[Kerror: [m[Kâ€˜[01m[Ksonic[m[Kâ€™ was not declared in this scope
[3.191s]    33 |         double cm_to_m = (double)[01;31m[Ksonic[m[K.data/100;
[3.191s]       |                                  [01;31m[K^~~~~[m[K
[3.192s] [01m[K/home/zyme/ros_ws/sonic2laser/sonic_to_laser/src/src/sonic_to_light.cpp:39:16:[m[K [01;35m[Kwarning: [m[Kunused variable â€˜[01m[Kdistance[m[Kâ€™ [[01;35m[K]8;;https://gcc.gnu.org/onlinedocs/gcc/Warning-Options.html#index-Wunused-variable-Wunused-variable]8;;[m[K]
[3.192s]    39 |         double [01;35m[Kdistance[m[K = round(cm_to_m);
[3.192s]       |                [01;35m[K^~~~~~~~[m[K
[3.192s] [01m[K/home/zyme/ros_ws/sonic2laser/sonic_to_laser/src/src/sonic_to_light.cpp:26:73:[m[K [01;35m[Kwarning: [m[Kunused parameter â€˜[01m[Kmsg[m[Kâ€™ [[01;35m[K]8;;https://gcc.gnu.org/onlinedocs/gcc/Warning-Options.html#index-Wunused-parameter-Wunused-parameter]8;;[m[K]
[3.192s]    26 |     void sensor_callback( [01;35m[Kconst std::shared_ptr<std_msgs::msg::float32> msg[m[K) {
[3.192s]       |                           [01;35m[K~~~~~~~~~~~~~~~~~~~~~~~~~~~~~~~~~~~~~~~~~~~~~~^~~[m[K
[3.925s] gmake[2]: *** [CMakeFiles/sonic_to_laser.dir/build.make:76: CMakeFiles/sonic_to_laser.dir/src/sonic_to_light.cpp.o] Error 1
[3.925s] gmake[1]: *** [CMakeFiles/Makefile2:137: CMakeFiles/sonic_to_laser.dir/all] Error 2
[3.926s] gmake: *** [Makefile:146: all] Error 2
[3.928s] Invoked command in '/home/zyme/ros_ws/sonic2laser/sonic_to_laser/build/sonic_to_laser' returned '2': CMAKE_PREFIX_PATH=${CMAKE_PREFIX_PATH}:/opt/ros/humble /usr/bin/cmake --build /home/zyme/ros_ws/sonic2laser/sonic_to_laser/build/sonic_to_laser -- -j12 -l12
