[0.101s] Invoking command in '/home/zyme/ros_ws/sonic2laser/sonic_to_laser/build/sonic_to_laser': CMAKE_PREFIX_PATH=${CMAKE_PREFIX_PATH}:/opt/ros/humble /usr/bin/cmake --build /home/zyme/ros_ws/sonic2laser/sonic_to_laser/build/sonic_to_laser -- -j12 -l12
[0.159s] [35m[1mConsolidate compiler generated dependencies of target sonic_to_laser[0m
[0.217s] [ 50%] [32mBuilding CXX object CMakeFiles/sonic_to_laser.dir/src/sonic_to_light.cpp.o[0m
[3.391s] [01m[K/home/zyme/ros_ws/sonic2laser/sonic_to_laser/src/src/sonic_to_light.cpp:64:41:[m[K [01;31m[Kerror: [m[Kâ€˜[01m[Kfloat32[m[Kâ€™ is not a member of â€˜[01m[Kstd_msgs::msg[m[Kâ€™; did you mean â€˜[01m[KFloat32[m[Kâ€™?
[3.391s]    64 |     rclcpp::Subscription<std_msgs::msg::[01;31m[Kfloat32[m[K>::SharedPtr sonic_subscriber;
[3.391s]       |                                         [01;31m[K^~~~~~~[m[K
[3.391s]       |                                         [32m[KFloat32[m[K
[3.391s] [01m[K/home/zyme/ros_ws/sonic2laser/sonic_to_laser/src/src/sonic_to_light.cpp:64:48:[m[K [01;31m[Kerror: [m[Ktemplate argument 1 is invalid
[3.392s]    64 |     rclcpp::Subscription<std_msgs::msg::float32[01;31m[K>[m[K::SharedPtr sonic_subscriber;
[3.392s]       |                                                [01;31m[K^[m[K
[3.392s] [01m[K/home/zyme/ros_ws/sonic2laser/sonic_to_laser/src/src/sonic_to_light.cpp:64:48:[m[K [01;31m[Kerror: [m[Ktemplate argument 3 is invalid
[3.392s] [01m[K/home/zyme/ros_ws/sonic2laser/sonic_to_laser/src/src/sonic_to_light.cpp:64:48:[m[K [01;31m[Kerror: [m[Ktemplate argument 4 is invalid
[3.392s] [01m[K/home/zyme/ros_ws/sonic2laser/sonic_to_laser/src/src/sonic_to_light.cpp:64:48:[m[K [01;31m[Kerror: [m[Ktemplate argument 5 is invalid
[3.392s] [01m[K/home/zyme/ros_ws/sonic2laser/sonic_to_laser/src/src/sonic_to_light.cpp:64:51:[m[K [01;31m[Kerror: [m[Kexpected â€˜[01m[K;[m[Kâ€™ at end of member declaration
[3.392s]    64 |     rclcpp::Subscription<std_msgs::msg::float32>::[01;31m[KSharedPtr[m[K sonic_subscriber;
[3.392s]       |                                                   [01;31m[K^~~~~~~~~[m[K
[3.392s]       |                                                            [32m[K;[m[K
[3.394s] [01m[K/home/zyme/ros_ws/sonic2laser/sonic_to_laser/src/src/sonic_to_light.cpp:64:61:[m[K [01;31m[Kerror: [m[Kâ€˜[01m[Ksonic_subscriber[m[Kâ€™ does not name a type
[3.394s]    64 |     rclcpp::Subscription<std_msgs::msg::float32>::SharedPtr [01;31m[Ksonic_subscriber[m[K;
[3.394s]       |                                                             [01;31m[K^~~~~~~~~~~~~~~~[m[K
[3.405s] [01m[K/home/zyme/ros_ws/sonic2laser/sonic_to_laser/src/src/sonic_to_light.cpp:[m[K In constructor â€˜[01m[Krev_tracker::rev_tracker()[m[Kâ€™:
[3.405s] [01m[K/home/zyme/ros_ws/sonic2laser/sonic_to_laser/src/src/sonic_to_light.cpp:16:9:[m[K [01;31m[Kerror: [m[Kâ€˜[01m[Ksonic_subscriber[m[Kâ€™ was not declared in this scope; did you mean â€˜[01m[Kcount_subscribers[m[Kâ€™?
[3.405s]    16 |         [01;31m[Ksonic_subscriber[m[K = this->create_subscription<std_msgs::msg::Float32>(
[3.405s]       |         [01;31m[K^~~~~~~~~~~~~~~~[m[K
[3.405s]       |         [32m[Kcount_subscribers[m[K
[3.451s] [01m[K/home/zyme/ros_ws/sonic2laser/sonic_to_laser/src/src/sonic_to_light.cpp:[m[K In member function â€˜[01m[Kvoid rev_tracker::sensor_callback(std::shared_ptr<std_msgs::msg::Float32_<std::allocator<void> > >)[m[Kâ€™:
[3.451s] [01m[K/home/zyme/ros_ws/sonic2laser/sonic_to_laser/src/src/sonic_to_light.cpp:39:16:[m[K [01;35m[Kwarning: [m[Kunused variable â€˜[01m[Kdistance[m[Kâ€™ [[01;35m[K]8;;https://gcc.gnu.org/onlinedocs/gcc/Warning-Options.html#index-Wunused-variable-Wunused-variable]8;;[m[K]
[3.451s]    39 |         double [01;35m[Kdistance[m[K = round(cm_to_m);
[3.451s]       |                [01;35m[K^~~~~~~~[m[K
[3.451s] [01m[K/home/zyme/ros_ws/sonic2laser/sonic_to_laser/src/src/sonic_to_light.cpp:26:73:[m[K [01;35m[Kwarning: [m[Kunused parameter â€˜[01m[Kmsg[m[Kâ€™ [[01;35m[K]8;;https://gcc.gnu.org/onlinedocs/gcc/Warning-Options.html#index-Wunused-parameter-Wunused-parameter]8;;[m[K]
[3.451s]    26 |     void sensor_callback( [01;35m[Kconst std::shared_ptr<std_msgs::msg::Float32> msg[m[K) {
[3.452s]       |                           [01;35m[K~~~~~~~~~~~~~~~~~~~~~~~~~~~~~~~~~~~~~~~~~~~~~~^~~[m[K
[5.713s] gmake[2]: *** [CMakeFiles/sonic_to_laser.dir/build.make:76: CMakeFiles/sonic_to_laser.dir/src/sonic_to_light.cpp.o] Error 1
[5.713s] gmake[1]: *** [CMakeFiles/Makefile2:137: CMakeFiles/sonic_to_laser.dir/all] Error 2
[5.714s] gmake: *** [Makefile:146: all] Error 2
[5.717s] Invoked command in '/home/zyme/ros_ws/sonic2laser/sonic_to_laser/build/sonic_to_laser' returned '2': CMAKE_PREFIX_PATH=${CMAKE_PREFIX_PATH}:/opt/ros/humble /usr/bin/cmake --build /home/zyme/ros_ws/sonic2laser/sonic_to_laser/build/sonic_to_laser -- -j12 -l12
